2023-05-05 14:27:21,770 desktop-r0rag1g gerenciador-de-riscos-dev.jar[11484] WARN  [io.qua.config] (Quarkus Main Thread) Unrecognized configuration key "quarkus.otel.exporter.otlp.traces.endpoint" was provided; it will be ignored; verify that the dependency extension for this configuration is set or that you did not make a typo
2023-05-05 14:27:21,771 desktop-r0rag1g gerenciador-de-riscos-dev.jar[11484] WARN  [io.qua.config] (Quarkus Main Thread) Unrecognized configuration key "quarkus.jackson.modules" was provided; it will be ignored; verify that the dependency extension for this configuration is set or that you did not make a typo
2023-05-05 14:27:23,550 desktop-r0rag1g gerenciador-de-riscos-dev.jar[11484] INFO  [io.sma.rea.mes.kafka] (Quarkus Main Thread) SRMSG18229: Configured topics for channel 'riscos-contratados-in': [riscos-contratados]
2023-05-05 14:27:23,570 desktop-r0rag1g gerenciador-de-riscos-dev.jar[11484] INFO  [io.sma.rea.mes.kafka] (Quarkus Main Thread) SRMSG18214: Key deserializer omitted, using String as default
2023-05-05 14:27:24,812 desktop-r0rag1g gerenciador-de-riscos-dev.jar[11484] INFO  [io.sma.rea.mes.kafka] (smallrye-kafka-producer-thread-0) SRMSG18258: Kafka producer kafka-producer-riscos-contratados-out, connected to Kafka brokers 'localhost:9092', is configured to write records to 'riscos-contratados'
2023-05-05 14:27:24,904 desktop-r0rag1g gerenciador-de-riscos-dev.jar[11484] INFO  [io.sma.rea.mes.kafka] (smallrye-kafka-consumer-thread-0) SRMSG18257: Kafka consumer kafka-consumer-riscos-contratados-in, connected to Kafka brokers 'localhost:9092', belongs to the 'gerenciador-de-riscos' consumer group and is configured to poll records from [riscos-contratados]
2023-05-05 14:27:25,256 desktop-r0rag1g gerenciador-de-riscos-dev.jar[11484] INFO  [io.quarkus] (Quarkus Main Thread) gerenciador-de-riscos 1.0.0-SNAPSHOT on JVM (powered by Quarkus 2.16.5.Final) started in 11.214s. Listening on: http://localhost:8080
2023-05-05 14:27:25,264 desktop-r0rag1g gerenciador-de-riscos-dev.jar[11484] INFO  [io.quarkus] (Quarkus Main Thread) Profile dev activated. Live Coding activated.
2023-05-05 14:27:25,272 desktop-r0rag1g gerenciador-de-riscos-dev.jar[11484] INFO  [io.quarkus] (Quarkus Main Thread) Installed features: [amazon-dynamodb, amazon-dynamodb-enhanced, cdi, kafka-client, opentelemetry, opentelemetry-otlp-exporter, resteasy, resteasy-jackson, smallrye-context-propagation, smallrye-reactive-messaging, smallrye-reactive-messaging-kafka, vertx]
2023-05-05 14:27:32,338 desktop-r0rag1g gerenciador-de-riscos-dev.jar[11484] INFO  [io.sma.rea.mes.kafka] (vert.x-eventloop-thread-3) SRMSG18256: Initialize record store for topic-partition 'riscos-contratados-0' at position 2.
2023-05-05 14:27:35,110 desktop-r0rag1g gerenciador-de-riscos-dev.jar[11484] WARN  [io.ver.cor.imp.BlockedThreadChecker] (vertx-blocked-thread-checker) Thread Thread[vert.x-eventloop-thread-3,5,main] has been blocked for 2725 ms, time limit is 2000 ms: io.vertx.core.VertxException: Thread blocked
	at java.base@17.0.6/sun.nio.ch.Net.poll(Native Method)
	at java.base@17.0.6/sun.nio.ch.NioSocketImpl.park(NioSocketImpl.java:181)
	at java.base@17.0.6/sun.nio.ch.NioSocketImpl.timedRead(NioSocketImpl.java:285)
	at java.base@17.0.6/sun.nio.ch.NioSocketImpl.implRead(NioSocketImpl.java:309)
	at java.base@17.0.6/sun.nio.ch.NioSocketImpl.read(NioSocketImpl.java:350)
	at java.base@17.0.6/sun.nio.ch.NioSocketImpl$1.read(NioSocketImpl.java:803)
	at java.base@17.0.6/java.net.Socket$SocketInputStream.read(Socket.java:966)
	at java.base@17.0.6/java.io.BufferedInputStream.fill(BufferedInputStream.java:244)
	at java.base@17.0.6/java.io.BufferedInputStream.read1(BufferedInputStream.java:284)
	at java.base@17.0.6/java.io.BufferedInputStream.read(BufferedInputStream.java:343)
	at java.base@17.0.6/sun.net.www.http.HttpClient.parseHTTPHeader(HttpClient.java:825)
	at java.base@17.0.6/sun.net.www.http.HttpClient.parseHTTP(HttpClient.java:760)
	at java.base@17.0.6/sun.net.www.protocol.http.HttpURLConnection.getInputStream0(HttpURLConnection.java:1688)
	at java.base@17.0.6/sun.net.www.protocol.http.HttpURLConnection.getInputStream(HttpURLConnection.java:1589)
	at java.base@17.0.6/java.net.HttpURLConnection.getResponseCode(HttpURLConnection.java:529)
	at software.amazon.awssdk.http.urlconnection.UrlConnectionHttpClient$RequestCallable.getResponseCodeSafely(UrlConnectionHttpClient.java:419)
	at software.amazon.awssdk.http.urlconnection.UrlConnectionHttpClient$RequestCallable.call(UrlConnectionHttpClient.java:302)
	at software.amazon.awssdk.http.urlconnection.UrlConnectionHttpClient$RequestCallable.call(UrlConnectionHttpClient.java:269)
	at software.amazon.awssdk.core.internal.util.MetricUtils.measureDurationUnsafe(MetricUtils.java:63)
	at software.amazon.awssdk.core.internal.http.pipeline.stages.MakeHttpRequestStage.executeHttpRequest(MakeHttpRequestStage.java:77)
	at software.amazon.awssdk.core.internal.http.pipeline.stages.MakeHttpRequestStage.execute(MakeHttpRequestStage.java:56)
	at software.amazon.awssdk.core.internal.http.pipeline.stages.MakeHttpRequestStage.execute(MakeHttpRequestStage.java:39)
	at software.amazon.awssdk.core.internal.http.pipeline.RequestPipelineBuilder$ComposingRequestPipelineStage.execute(RequestPipelineBuilder.java:206)
	at software.amazon.awssdk.core.internal.http.pipeline.RequestPipelineBuilder$ComposingRequestPipelineStage.execute(RequestPipelineBuilder.java:206)
	at software.amazon.awssdk.core.internal.http.pipeline.RequestPipelineBuilder$ComposingRequestPipelineStage.execute(RequestPipelineBuilder.java:206)
	at software.amazon.awssdk.core.internal.http.pipeline.RequestPipelineBuilder$ComposingRequestPipelineStage.execute(RequestPipelineBuilder.java:206)
	at software.amazon.awssdk.core.internal.http.pipeline.stages.ApiCallAttemptTimeoutTrackingStage.execute(ApiCallAttemptTimeoutTrackingStage.java:73)
	at software.amazon.awssdk.core.internal.http.pipeline.stages.ApiCallAttemptTimeoutTrackingStage.execute(ApiCallAttemptTimeoutTrackingStage.java:42)
	at software.amazon.awssdk.core.internal.http.pipeline.stages.TimeoutExceptionHandlingStage.execute(TimeoutExceptionHandlingStage.java:78)
	at software.amazon.awssdk.core.internal.http.pipeline.stages.TimeoutExceptionHandlingStage.execute(TimeoutExceptionHandlingStage.java:40)
	at software.amazon.awssdk.core.internal.http.pipeline.stages.ApiCallAttemptMetricCollectionStage.execute(ApiCallAttemptMetricCollectionStage.java:50)
	at software.amazon.awssdk.core.internal.http.pipeline.stages.ApiCallAttemptMetricCollectionStage.execute(ApiCallAttemptMetricCollectionStage.java:36)
	at software.amazon.awssdk.core.internal.http.pipeline.stages.RetryableStage.execute(RetryableStage.java:81)
	at software.amazon.awssdk.core.internal.http.pipeline.stages.RetryableStage.execute(RetryableStage.java:36)
	at software.amazon.awssdk.core.internal.http.pipeline.RequestPipelineBuilder$ComposingRequestPipelineStage.execute(RequestPipelineBuilder.java:206)
	at software.amazon.awssdk.core.internal.http.StreamManagingStage.execute(StreamManagingStage.java:56)
	at software.amazon.awssdk.core.internal.http.StreamManagingStage.execute(StreamManagingStage.java:36)
	at software.amazon.awssdk.core.internal.http.pipeline.stages.ApiCallTimeoutTrackingStage.executeWithTimer(ApiCallTimeoutTrackingStage.java:80)
	at software.amazon.awssdk.core.internal.http.pipeline.stages.ApiCallTimeoutTrackingStage.execute(ApiCallTimeoutTrackingStage.java:60)
	at software.amazon.awssdk.core.internal.http.pipeline.stages.ApiCallTimeoutTrackingStage.execute(ApiCallTimeoutTrackingStage.java:42)
	at software.amazon.awssdk.core.internal.http.pipeline.stages.ApiCallMetricCollectionStage.execute(ApiCallMetricCollectionStage.java:48)
	at software.amazon.awssdk.core.internal.http.pipeline.stages.ApiCallMetricCollectionStage.execute(ApiCallMetricCollectionStage.java:31)
	at software.amazon.awssdk.core.internal.http.pipeline.RequestPipelineBuilder$ComposingRequestPipelineStage.execute(RequestPipelineBuilder.java:206)
	at software.amazon.awssdk.core.internal.http.pipeline.RequestPipelineBuilder$ComposingRequestPipelineStage.execute(RequestPipelineBuilder.java:206)
	at software.amazon.awssdk.core.internal.http.pipeline.stages.ExecutionFailureExceptionReportingStage.execute(ExecutionFailureExceptionReportingStage.java:37)
	at software.amazon.awssdk.core.internal.http.pipeline.stages.ExecutionFailureExceptionReportingStage.execute(ExecutionFailureExceptionReportingStage.java:26)
	at software.amazon.awssdk.core.internal.http.AmazonSyncHttpClient$RequestExecutionBuilderImpl.execute(AmazonSyncHttpClient.java:193)
	at software.amazon.awssdk.core.internal.handler.BaseSyncClientHandler.invoke(BaseSyncClientHandler.java:103)
	at software.amazon.awssdk.core.internal.handler.BaseSyncClientHandler.doExecute(BaseSyncClientHandler.java:171)
	at software.amazon.awssdk.core.internal.handler.BaseSyncClientHandler.lambda$execute$1(BaseSyncClientHandler.java:82)
	at software.amazon.awssdk.core.internal.handler.BaseSyncClientHandler$$Lambda$2138/0x0000000801601928.get(Unknown Source)
	at software.amazon.awssdk.core.internal.handler.BaseSyncClientHandler.measureApiCallSuccess(BaseSyncClientHandler.java:179)
	at software.amazon.awssdk.core.internal.handler.BaseSyncClientHandler.execute(BaseSyncClientHandler.java:76)
	at software.amazon.awssdk.core.client.handler.SdkSyncClientHandler.execute(SdkSyncClientHandler.java:45)
	at software.amazon.awssdk.awscore.client.handler.AwsSyncClientHandler.execute(AwsSyncClientHandler.java:56)
	at software.amazon.awssdk.services.dynamodb.DefaultDynamoDbClient.putItem(DefaultDynamoDbClient.java:4243)
	at software.amazon.awssdk.services.dynamodb.DynamodbClientProducer_ProducerMethod_client_15a968126f29bfeefe628e806398394e57fc3411_ClientProxy.putItem(Unknown Source)
	at software.amazon.awssdk.enhanced.dynamodb.internal.operations.PutItemOperation$$Lambda$1949/0x0000000801548758.apply(Unknown Source)
	at software.amazon.awssdk.enhanced.dynamodb.internal.operations.CommonOperation.execute(CommonOperation.java:114)
	at software.amazon.awssdk.enhanced.dynamodb.internal.operations.TableOperation.executeOnPrimaryIndex(TableOperation.java:59)
	at software.amazon.awssdk.enhanced.dynamodb.internal.client.DefaultDynamoDbTable.putItem(DefaultDynamoDbTable.java:201)
	at software.amazon.awssdk.enhanced.dynamodb.internal.client.DefaultDynamoDbTable.putItem(DefaultDynamoDbTable.java:209)
	at software.amazon.awssdk.enhanced.dynamodb.internal.client.DefaultDynamoDbTable.putItem(DefaultDynamoDbTable.java:214)
	at poc.oneracao.repository.RiscoAnaliticoSyncService.add(RiscoAnaliticoSyncService.java:37)
	at poc.oneracao.repository.RiscoAnaliticoSyncService_ClientProxy.add(Unknown Source)
	at poc.oneracao.AppRiscosConsumer.salvaRisco(AppRiscosConsumer.java:18)
	at poc.oneracao.AppRiscosConsumer_ClientProxy.salvaRisco(Unknown Source)
	at poc.oneracao.AppRiscosConsumer_SmallRyeMessagingInvoker_salvaRisco_98ada8a51cec3042a85d0761941a3896dd2e4e7d.invoke(Unknown Source)
	at io.smallrye.reactive.messaging.providers.AbstractMediator.invoke(AbstractMediator.java:104)
	at io.smallrye.reactive.messaging.providers.AbstractMediator.lambda$invokeOnMessageContext$1(AbstractMediator.java:112)
	at io.smallrye.reactive.messaging.providers.AbstractMediator$$Lambda$1850/0x000000080150e5e0.apply(Unknown Source)
	at io.smallrye.reactive.messaging.providers.locals.LocalContextMetadata.lambda$invokeOnMessageContext$0(LocalContextMetadata.java:34)
	at io.smallrye.reactive.messaging.providers.locals.LocalContextMetadata$$Lambda$1851/0x000000080150e820.accept(Unknown Source)
	at io.smallrye.reactive.messaging.providers.locals.LocalContextMetadata.lambda$invokeOnMessageContext$1(LocalContextMetadata.java:53)
	at io.smallrye.reactive.messaging.providers.locals.LocalContextMetadata$$Lambda$1854/0x000000080150fae8.run(Unknown Source)
	at io.smallrye.reactive.messaging.providers.helpers.VertxContext.runOnContext(VertxContext.java:24)
	at io.smallrye.reactive.messaging.providers.locals.LocalContextMetadata.lambda$invokeOnMessageContext$2(LocalContextMetadata.java:51)
	at io.smallrye.reactive.messaging.providers.locals.LocalContextMetadata$$Lambda$1852/0x000000080150ea50.accept(Unknown Source)
	at io.smallrye.context.impl.wrappers.SlowContextualConsumer.accept(SlowContextualConsumer.java:21)
	at io.smallrye.mutiny.operators.uni.builders.UniCreateWithEmitter.subscribe(UniCreateWithEmitter.java:22)
	at io.smallrye.mutiny.operators.AbstractUni.subscribe(AbstractUni.java:36)
	at io.smallrye.mutiny.operators.uni.UniOnItemOrFailureFlatMap.subscribe(UniOnItemOrFailureFlatMap.java:27)
	at io.smallrye.mutiny.operators.AbstractUni.subscribe(AbstractUni.java:36)
	at io.smallrye.mutiny.converters.uni.UniToMultiPublisher$UniToMultiSubscription.request(UniToMultiPublisher.java:74)
	at io.smallrye.mutiny.operators.multi.MultiFlatMapOp$FlatMapInner.onSubscribe(MultiFlatMapOp.java:601)
	at io.smallrye.mutiny.converters.uni.UniToMultiPublisher.subscribe(UniToMultiPublisher.java:26)
	at io.smallrye.mutiny.groups.MultiCreate$1.subscribe(MultiCreate.java:170)
	at io.smallrye.mutiny.operators.multi.MultiFlatMapOp$FlatMapMainSubscriber.onItem(MultiFlatMapOp.java:193)
	at io.smallrye.mutiny.operators.multi.MultiMapOp$MapProcessor.onItem(MultiMapOp.java:50)
	at io.smallrye.mutiny.operators.multi.MultiOnItemInvoke$MultiOnItemInvokeProcessor.onItem(MultiOnItemInvoke.java:41)
	at io.smallrye.mutiny.operators.multi.MultiOperatorProcessor.onItem(MultiOperatorProcessor.java:100)
	at io.smallrye.reactive.messaging.providers.locals.ContextOperator$ContextMulti$ContextProcessor.lambda$onItem$1(ContextOperator.java:71)
	at io.smallrye.reactive.messaging.providers.locals.ContextOperator$ContextMulti$ContextProcessor$$Lambda$1847/0x000000080150df50.run(Unknown Source)
	at io.smallrye.reactive.messaging.providers.helpers.VertxContext.lambda$runOnContext$0(VertxContext.java:26)
	at io.smallrye.reactive.messaging.providers.helpers.VertxContext$$Lambda$1791/0x00000008014d6c38.handle(Unknown Source)
	at io.vertx.core.impl.ContextInternal.dispatch(ContextInternal.java:264)
	at io.vertx.core.impl.ContextInternal.dispatch(ContextInternal.java:246)
	at io.vertx.core.impl.EventLoopContext.lambda$runOnContext$0(EventLoopContext.java:43)
	at io.vertx.core.impl.EventLoopContext$$Lambda$1612/0x00000008013e4368.run(Unknown Source)
	at io.netty.util.concurrent.AbstractEventExecutor.runTask(AbstractEventExecutor.java:174)
	at io.netty.util.concurrent.AbstractEventExecutor.safeExecute(AbstractEventExecutor.java:167)
	at io.netty.util.concurrent.SingleThreadEventExecutor.runAllTasks(SingleThreadEventExecutor.java:470)
	at io.netty.channel.nio.NioEventLoop.run(NioEventLoop.java:569)
	at io.netty.util.concurrent.SingleThreadEventExecutor$4.run(SingleThreadEventExecutor.java:997)
	at io.netty.util.internal.ThreadExecutorMap$2.run(ThreadExecutorMap.java:74)
	at io.netty.util.concurrent.FastThreadLocalRunnable.run(FastThreadLocalRunnable.java:30)
	at java.base@17.0.6/java.lang.Thread.run(Thread.java:833)

2023-05-05 14:27:47,476 desktop-r0rag1g gerenciador-de-riscos-dev.jar[11484] ERROR [io.sma.rea.mes.provider] (vert.x-eventloop-thread-3) SRMSG00200: The method poc.oneracao.AppRiscosConsumer#salvaRisco has thrown an exception: software.amazon.awssdk.services.dynamodb.model.ResourceNotFoundException: Cannot do operations on a non-existent table (Service: DynamoDb, Status Code: 400, Request ID: MWGN7RH4MTJNQM2L2GSBE6HIPP6L9B8B9CDGDLP3CXM0S826L7SN)
	at software.amazon.awssdk.core.internal.http.CombinedResponseHandler.handleErrorResponse(CombinedResponseHandler.java:125)
	at software.amazon.awssdk.core.internal.http.CombinedResponseHandler.handleResponse(CombinedResponseHandler.java:82)
	at software.amazon.awssdk.core.internal.http.CombinedResponseHandler.handle(CombinedResponseHandler.java:60)
	at software.amazon.awssdk.core.internal.http.CombinedResponseHandler.handle(CombinedResponseHandler.java:41)
	at software.amazon.awssdk.core.internal.http.pipeline.stages.HandleResponseStage.execute(HandleResponseStage.java:40)
	at software.amazon.awssdk.core.internal.http.pipeline.stages.HandleResponseStage.execute(HandleResponseStage.java:30)
	at software.amazon.awssdk.core.internal.http.pipeline.RequestPipelineBuilder$ComposingRequestPipelineStage.execute(RequestPipelineBuilder.java:206)
	at software.amazon.awssdk.core.internal.http.pipeline.stages.ApiCallAttemptTimeoutTrackingStage.execute(ApiCallAttemptTimeoutTrackingStage.java:73)
	at software.amazon.awssdk.core.internal.http.pipeline.stages.ApiCallAttemptTimeoutTrackingStage.execute(ApiCallAttemptTimeoutTrackingStage.java:42)
	at software.amazon.awssdk.core.internal.http.pipeline.stages.TimeoutExceptionHandlingStage.execute(TimeoutExceptionHandlingStage.java:78)
	at software.amazon.awssdk.core.internal.http.pipeline.stages.TimeoutExceptionHandlingStage.execute(TimeoutExceptionHandlingStage.java:40)
	at software.amazon.awssdk.core.internal.http.pipeline.stages.ApiCallAttemptMetricCollectionStage.execute(ApiCallAttemptMetricCollectionStage.java:50)
	at software.amazon.awssdk.core.internal.http.pipeline.stages.ApiCallAttemptMetricCollectionStage.execute(ApiCallAttemptMetricCollectionStage.java:36)
	at software.amazon.awssdk.core.internal.http.pipeline.stages.RetryableStage.execute(RetryableStage.java:81)
	at software.amazon.awssdk.core.internal.http.pipeline.stages.RetryableStage.execute(RetryableStage.java:36)
	at software.amazon.awssdk.core.internal.http.pipeline.RequestPipelineBuilder$ComposingRequestPipelineStage.execute(RequestPipelineBuilder.java:206)
	at software.amazon.awssdk.core.internal.http.StreamManagingStage.execute(StreamManagingStage.java:56)
	at software.amazon.awssdk.core.internal.http.StreamManagingStage.execute(StreamManagingStage.java:36)
	at software.amazon.awssdk.core.internal.http.pipeline.stages.ApiCallTimeoutTrackingStage.executeWithTimer(ApiCallTimeoutTrackingStage.java:80)
	at software.amazon.awssdk.core.internal.http.pipeline.stages.ApiCallTimeoutTrackingStage.execute(ApiCallTimeoutTrackingStage.java:60)
	at software.amazon.awssdk.core.internal.http.pipeline.stages.ApiCallTimeoutTrackingStage.execute(ApiCallTimeoutTrackingStage.java:42)
	at software.amazon.awssdk.core.internal.http.pipeline.stages.ApiCallMetricCollectionStage.execute(ApiCallMetricCollectionStage.java:48)
	at software.amazon.awssdk.core.internal.http.pipeline.stages.ApiCallMetricCollectionStage.execute(ApiCallMetricCollectionStage.java:31)
	at software.amazon.awssdk.core.internal.http.pipeline.RequestPipelineBuilder$ComposingRequestPipelineStage.execute(RequestPipelineBuilder.java:206)
	at software.amazon.awssdk.core.internal.http.pipeline.RequestPipelineBuilder$ComposingRequestPipelineStage.execute(RequestPipelineBuilder.java:206)
	at software.amazon.awssdk.core.internal.http.pipeline.stages.ExecutionFailureExceptionReportingStage.execute(ExecutionFailureExceptionReportingStage.java:37)
	at software.amazon.awssdk.core.internal.http.pipeline.stages.ExecutionFailureExceptionReportingStage.execute(ExecutionFailureExceptionReportingStage.java:26)
	at software.amazon.awssdk.core.internal.http.AmazonSyncHttpClient$RequestExecutionBuilderImpl.execute(AmazonSyncHttpClient.java:193)
	at software.amazon.awssdk.core.internal.handler.BaseSyncClientHandler.invoke(BaseSyncClientHandler.java:103)
	at software.amazon.awssdk.core.internal.handler.BaseSyncClientHandler.doExecute(BaseSyncClientHandler.java:171)
	at software.amazon.awssdk.core.internal.handler.BaseSyncClientHandler.lambda$execute$1(BaseSyncClientHandler.java:82)
	at software.amazon.awssdk.core.internal.handler.BaseSyncClientHandler.measureApiCallSuccess(BaseSyncClientHandler.java:179)
	at software.amazon.awssdk.core.internal.handler.BaseSyncClientHandler.execute(BaseSyncClientHandler.java:76)
	at software.amazon.awssdk.core.client.handler.SdkSyncClientHandler.execute(SdkSyncClientHandler.java:45)
	at software.amazon.awssdk.awscore.client.handler.AwsSyncClientHandler.execute(AwsSyncClientHandler.java:56)
	at software.amazon.awssdk.services.dynamodb.DefaultDynamoDbClient.putItem(DefaultDynamoDbClient.java:4243)
	at software.amazon.awssdk.services.dynamodb.DynamodbClientProducer_ProducerMethod_client_15a968126f29bfeefe628e806398394e57fc3411_ClientProxy.putItem(Unknown Source)
	at software.amazon.awssdk.enhanced.dynamodb.internal.operations.CommonOperation.execute(CommonOperation.java:114)
	at software.amazon.awssdk.enhanced.dynamodb.internal.operations.TableOperation.executeOnPrimaryIndex(TableOperation.java:59)
	at software.amazon.awssdk.enhanced.dynamodb.internal.client.DefaultDynamoDbTable.putItem(DefaultDynamoDbTable.java:201)
	at software.amazon.awssdk.enhanced.dynamodb.internal.client.DefaultDynamoDbTable.putItem(DefaultDynamoDbTable.java:209)
	at software.amazon.awssdk.enhanced.dynamodb.internal.client.DefaultDynamoDbTable.putItem(DefaultDynamoDbTable.java:214)
	at poc.oneracao.repository.RiscoAnaliticoSyncService.add(RiscoAnaliticoSyncService.java:37)
	at poc.oneracao.repository.RiscoAnaliticoSyncService_ClientProxy.add(Unknown Source)
	at poc.oneracao.AppRiscosConsumer.salvaRisco(AppRiscosConsumer.java:18)
	at poc.oneracao.AppRiscosConsumer_ClientProxy.salvaRisco(Unknown Source)
	at poc.oneracao.AppRiscosConsumer_SmallRyeMessagingInvoker_salvaRisco_98ada8a51cec3042a85d0761941a3896dd2e4e7d.invoke(Unknown Source)
	at io.smallrye.reactive.messaging.providers.AbstractMediator.invoke(AbstractMediator.java:104)
	at io.smallrye.reactive.messaging.providers.AbstractMediator.lambda$invokeOnMessageContext$1(AbstractMediator.java:112)
	at io.smallrye.reactive.messaging.providers.locals.LocalContextMetadata.lambda$invokeOnMessageContext$0(LocalContextMetadata.java:34)
	at io.smallrye.reactive.messaging.providers.locals.LocalContextMetadata.lambda$invokeOnMessageContext$1(LocalContextMetadata.java:53)
	at io.smallrye.reactive.messaging.providers.helpers.VertxContext.runOnContext(VertxContext.java:24)
	at io.smallrye.reactive.messaging.providers.locals.LocalContextMetadata.lambda$invokeOnMessageContext$2(LocalContextMetadata.java:51)
	at io.smallrye.context.impl.wrappers.SlowContextualConsumer.accept(SlowContextualConsumer.java:21)
	at io.smallrye.mutiny.operators.uni.builders.UniCreateWithEmitter.subscribe(UniCreateWithEmitter.java:22)
	at io.smallrye.mutiny.operators.AbstractUni.subscribe(AbstractUni.java:36)
	at io.smallrye.mutiny.operators.uni.UniOnItemOrFailureFlatMap.subscribe(UniOnItemOrFailureFlatMap.java:27)
	at io.smallrye.mutiny.operators.AbstractUni.subscribe(AbstractUni.java:36)
	at io.smallrye.mutiny.converters.uni.UniToMultiPublisher$UniToMultiSubscription.request(UniToMultiPublisher.java:74)
	at io.smallrye.mutiny.operators.multi.MultiFlatMapOp$FlatMapInner.onSubscribe(MultiFlatMapOp.java:601)
	at io.smallrye.mutiny.converters.uni.UniToMultiPublisher.subscribe(UniToMultiPublisher.java:26)
	at io.smallrye.mutiny.groups.MultiCreate$1.subscribe(MultiCreate.java:170)
	at io.smallrye.mutiny.operators.multi.MultiFlatMapOp$FlatMapMainSubscriber.onItem(MultiFlatMapOp.java:193)
	at io.smallrye.mutiny.operators.multi.MultiMapOp$MapProcessor.onItem(MultiMapOp.java:50)
	at io.smallrye.mutiny.operators.multi.MultiOnItemInvoke$MultiOnItemInvokeProcessor.onItem(MultiOnItemInvoke.java:41)
	at io.smallrye.mutiny.operators.multi.MultiOperatorProcessor.onItem(MultiOperatorProcessor.java:100)
	at io.smallrye.reactive.messaging.providers.locals.ContextOperator$ContextMulti$ContextProcessor.lambda$onItem$1(ContextOperator.java:71)
	at io.smallrye.reactive.messaging.providers.helpers.VertxContext.lambda$runOnContext$0(VertxContext.java:26)
	at io.vertx.core.impl.ContextInternal.dispatch(ContextInternal.java:264)
	at io.vertx.core.impl.ContextInternal.dispatch(ContextInternal.java:246)
	at io.vertx.core.impl.EventLoopContext.lambda$runOnContext$0(EventLoopContext.java:43)
	at io.netty.util.concurrent.AbstractEventExecutor.runTask(AbstractEventExecutor.java:174)
	at io.netty.util.concurrent.AbstractEventExecutor.safeExecute(AbstractEventExecutor.java:167)
	at io.netty.util.concurrent.SingleThreadEventExecutor.runAllTasks(SingleThreadEventExecutor.java:470)
	at io.netty.channel.nio.NioEventLoop.run(NioEventLoop.java:569)
	at io.netty.util.concurrent.SingleThreadEventExecutor$4.run(SingleThreadEventExecutor.java:997)
	at io.netty.util.internal.ThreadExecutorMap$2.run(ThreadExecutorMap.java:74)
	at io.netty.util.concurrent.FastThreadLocalRunnable.run(FastThreadLocalRunnable.java:30)
	at java.base/java.lang.Thread.run(Thread.java:833)

2023-05-05 14:27:47,485 desktop-r0rag1g gerenciador-de-riscos-dev.jar[11484] ERROR [io.sma.rea.mes.kafka] (vert.x-eventloop-thread-3) SRMSG18203: A message sent to channel `riscos-contratados-in` has been nacked, fail-stop
2023-05-05 14:27:47,486 desktop-r0rag1g gerenciador-de-riscos-dev.jar[11484] WARN  [io.sma.rea.mes.kafka] (vert.x-eventloop-thread-3) SRMSG18228: A failure has been reported for Kafka topics '[riscos-contratados]': software.amazon.awssdk.services.dynamodb.model.ResourceNotFoundException: Cannot do operations on a non-existent table (Service: DynamoDb, Status Code: 400, Request ID: MWGN7RH4MTJNQM2L2GSBE6HIPP6L9B8B9CDGDLP3CXM0S826L7SN)
	at software.amazon.awssdk.core.internal.http.CombinedResponseHandler.handleErrorResponse(CombinedResponseHandler.java:125)
	at software.amazon.awssdk.core.internal.http.CombinedResponseHandler.handleResponse(CombinedResponseHandler.java:82)
	at software.amazon.awssdk.core.internal.http.CombinedResponseHandler.handle(CombinedResponseHandler.java:60)
	at software.amazon.awssdk.core.internal.http.CombinedResponseHandler.handle(CombinedResponseHandler.java:41)
	at software.amazon.awssdk.core.internal.http.pipeline.stages.HandleResponseStage.execute(HandleResponseStage.java:40)
	at software.amazon.awssdk.core.internal.http.pipeline.stages.HandleResponseStage.execute(HandleResponseStage.java:30)
	at software.amazon.awssdk.core.internal.http.pipeline.RequestPipelineBuilder$ComposingRequestPipelineStage.execute(RequestPipelineBuilder.java:206)
	at software.amazon.awssdk.core.internal.http.pipeline.stages.ApiCallAttemptTimeoutTrackingStage.execute(ApiCallAttemptTimeoutTrackingStage.java:73)
	at software.amazon.awssdk.core.internal.http.pipeline.stages.ApiCallAttemptTimeoutTrackingStage.execute(ApiCallAttemptTimeoutTrackingStage.java:42)
	at software.amazon.awssdk.core.internal.http.pipeline.stages.TimeoutExceptionHandlingStage.execute(TimeoutExceptionHandlingStage.java:78)
	at software.amazon.awssdk.core.internal.http.pipeline.stages.TimeoutExceptionHandlingStage.execute(TimeoutExceptionHandlingStage.java:40)
	at software.amazon.awssdk.core.internal.http.pipeline.stages.ApiCallAttemptMetricCollectionStage.execute(ApiCallAttemptMetricCollectionStage.java:50)
	at software.amazon.awssdk.core.internal.http.pipeline.stages.ApiCallAttemptMetricCollectionStage.execute(ApiCallAttemptMetricCollectionStage.java:36)
	at software.amazon.awssdk.core.internal.http.pipeline.stages.RetryableStage.execute(RetryableStage.java:81)
	at software.amazon.awssdk.core.internal.http.pipeline.stages.RetryableStage.execute(RetryableStage.java:36)
	at software.amazon.awssdk.core.internal.http.pipeline.RequestPipelineBuilder$ComposingRequestPipelineStage.execute(RequestPipelineBuilder.java:206)
	at software.amazon.awssdk.core.internal.http.StreamManagingStage.execute(StreamManagingStage.java:56)
	at software.amazon.awssdk.core.internal.http.StreamManagingStage.execute(StreamManagingStage.java:36)
	at software.amazon.awssdk.core.internal.http.pipeline.stages.ApiCallTimeoutTrackingStage.executeWithTimer(ApiCallTimeoutTrackingStage.java:80)
	at software.amazon.awssdk.core.internal.http.pipeline.stages.ApiCallTimeoutTrackingStage.execute(ApiCallTimeoutTrackingStage.java:60)
	at software.amazon.awssdk.core.internal.http.pipeline.stages.ApiCallTimeoutTrackingStage.execute(ApiCallTimeoutTrackingStage.java:42)
	at software.amazon.awssdk.core.internal.http.pipeline.stages.ApiCallMetricCollectionStage.execute(ApiCallMetricCollectionStage.java:48)
	at software.amazon.awssdk.core.internal.http.pipeline.stages.ApiCallMetricCollectionStage.execute(ApiCallMetricCollectionStage.java:31)
	at software.amazon.awssdk.core.internal.http.pipeline.RequestPipelineBuilder$ComposingRequestPipelineStage.execute(RequestPipelineBuilder.java:206)
	at software.amazon.awssdk.core.internal.http.pipeline.RequestPipelineBuilder$ComposingRequestPipelineStage.execute(RequestPipelineBuilder.java:206)
	at software.amazon.awssdk.core.internal.http.pipeline.stages.ExecutionFailureExceptionReportingStage.execute(ExecutionFailureExceptionReportingStage.java:37)
	at software.amazon.awssdk.core.internal.http.pipeline.stages.ExecutionFailureExceptionReportingStage.execute(ExecutionFailureExceptionReportingStage.java:26)
	at software.amazon.awssdk.core.internal.http.AmazonSyncHttpClient$RequestExecutionBuilderImpl.execute(AmazonSyncHttpClient.java:193)
	at software.amazon.awssdk.core.internal.handler.BaseSyncClientHandler.invoke(BaseSyncClientHandler.java:103)
	at software.amazon.awssdk.core.internal.handler.BaseSyncClientHandler.doExecute(BaseSyncClientHandler.java:171)
	at software.amazon.awssdk.core.internal.handler.BaseSyncClientHandler.lambda$execute$1(BaseSyncClientHandler.java:82)
	at software.amazon.awssdk.core.internal.handler.BaseSyncClientHandler.measureApiCallSuccess(BaseSyncClientHandler.java:179)
	at software.amazon.awssdk.core.internal.handler.BaseSyncClientHandler.execute(BaseSyncClientHandler.java:76)
	at software.amazon.awssdk.core.client.handler.SdkSyncClientHandler.execute(SdkSyncClientHandler.java:45)
	at software.amazon.awssdk.awscore.client.handler.AwsSyncClientHandler.execute(AwsSyncClientHandler.java:56)
	at software.amazon.awssdk.services.dynamodb.DefaultDynamoDbClient.putItem(DefaultDynamoDbClient.java:4243)
	at software.amazon.awssdk.services.dynamodb.DynamodbClientProducer_ProducerMethod_client_15a968126f29bfeefe628e806398394e57fc3411_ClientProxy.putItem(Unknown Source)
	at software.amazon.awssdk.enhanced.dynamodb.internal.operations.CommonOperation.execute(CommonOperation.java:114)
	at software.amazon.awssdk.enhanced.dynamodb.internal.operations.TableOperation.executeOnPrimaryIndex(TableOperation.java:59)
	at software.amazon.awssdk.enhanced.dynamodb.internal.client.DefaultDynamoDbTable.putItem(DefaultDynamoDbTable.java:201)
	at software.amazon.awssdk.enhanced.dynamodb.internal.client.DefaultDynamoDbTable.putItem(DefaultDynamoDbTable.java:209)
	at software.amazon.awssdk.enhanced.dynamodb.internal.client.DefaultDynamoDbTable.putItem(DefaultDynamoDbTable.java:214)
	at poc.oneracao.repository.RiscoAnaliticoSyncService.add(RiscoAnaliticoSyncService.java:37)
	at poc.oneracao.repository.RiscoAnaliticoSyncService_ClientProxy.add(Unknown Source)
	at poc.oneracao.AppRiscosConsumer.salvaRisco(AppRiscosConsumer.java:18)
	at poc.oneracao.AppRiscosConsumer_ClientProxy.salvaRisco(Unknown Source)
	at poc.oneracao.AppRiscosConsumer_SmallRyeMessagingInvoker_salvaRisco_98ada8a51cec3042a85d0761941a3896dd2e4e7d.invoke(Unknown Source)
	at io.smallrye.reactive.messaging.providers.AbstractMediator.invoke(AbstractMediator.java:104)
	at io.smallrye.reactive.messaging.providers.AbstractMediator.lambda$invokeOnMessageContext$1(AbstractMediator.java:112)
	at io.smallrye.reactive.messaging.providers.locals.LocalContextMetadata.lambda$invokeOnMessageContext$0(LocalContextMetadata.java:34)
	at io.smallrye.reactive.messaging.providers.locals.LocalContextMetadata.lambda$invokeOnMessageContext$1(LocalContextMetadata.java:53)
	at io.smallrye.reactive.messaging.providers.helpers.VertxContext.runOnContext(VertxContext.java:24)
	at io.smallrye.reactive.messaging.providers.locals.LocalContextMetadata.lambda$invokeOnMessageContext$2(LocalContextMetadata.java:51)
	at io.smallrye.context.impl.wrappers.SlowContextualConsumer.accept(SlowContextualConsumer.java:21)
	at io.smallrye.mutiny.operators.uni.builders.UniCreateWithEmitter.subscribe(UniCreateWithEmitter.java:22)
	at io.smallrye.mutiny.operators.AbstractUni.subscribe(AbstractUni.java:36)
	at io.smallrye.mutiny.operators.uni.UniOnItemOrFailureFlatMap.subscribe(UniOnItemOrFailureFlatMap.java:27)
	at io.smallrye.mutiny.operators.AbstractUni.subscribe(AbstractUni.java:36)
	at io.smallrye.mutiny.converters.uni.UniToMultiPublisher$UniToMultiSubscription.request(UniToMultiPublisher.java:74)
	at io.smallrye.mutiny.operators.multi.MultiFlatMapOp$FlatMapInner.onSubscribe(MultiFlatMapOp.java:601)
	at io.smallrye.mutiny.converters.uni.UniToMultiPublisher.subscribe(UniToMultiPublisher.java:26)
	at io.smallrye.mutiny.groups.MultiCreate$1.subscribe(MultiCreate.java:170)
	at io.smallrye.mutiny.operators.multi.MultiFlatMapOp$FlatMapMainSubscriber.onItem(MultiFlatMapOp.java:193)
	at io.smallrye.mutiny.operators.multi.MultiMapOp$MapProcessor.onItem(MultiMapOp.java:50)
	at io.smallrye.mutiny.operators.multi.MultiOnItemInvoke$MultiOnItemInvokeProcessor.onItem(MultiOnItemInvoke.java:41)
	at io.smallrye.mutiny.operators.multi.MultiOperatorProcessor.onItem(MultiOperatorProcessor.java:100)
	at io.smallrye.reactive.messaging.providers.locals.ContextOperator$ContextMulti$ContextProcessor.lambda$onItem$1(ContextOperator.java:71)
	at io.smallrye.reactive.messaging.providers.helpers.VertxContext.lambda$runOnContext$0(VertxContext.java:26)
	at io.vertx.core.impl.ContextInternal.dispatch(ContextInternal.java:264)
	at io.vertx.core.impl.ContextInternal.dispatch(ContextInternal.java:246)
	at io.vertx.core.impl.EventLoopContext.lambda$runOnContext$0(EventLoopContext.java:43)
	at io.netty.util.concurrent.AbstractEventExecutor.runTask(AbstractEventExecutor.java:174)
	at io.netty.util.concurrent.AbstractEventExecutor.safeExecute(AbstractEventExecutor.java:167)
	at io.netty.util.concurrent.SingleThreadEventExecutor.runAllTasks(SingleThreadEventExecutor.java:470)
	at io.netty.channel.nio.NioEventLoop.run(NioEventLoop.java:569)
	at io.netty.util.concurrent.SingleThreadEventExecutor$4.run(SingleThreadEventExecutor.java:997)
	at io.netty.util.internal.ThreadExecutorMap$2.run(ThreadExecutorMap.java:74)
	at io.netty.util.concurrent.FastThreadLocalRunnable.run(FastThreadLocalRunnable.java:30)
	at java.base/java.lang.Thread.run(Thread.java:833)

2023-05-05 14:27:47,501 desktop-r0rag1g gerenciador-de-riscos-dev.jar[11484] ERROR [io.sma.rea.mes.provider] (vert.x-eventloop-thread-3) SRMSG00201: Error caught while processing a message in method poc.oneracao.AppRiscosConsumer#salvaRisco: software.amazon.awssdk.services.dynamodb.model.ResourceNotFoundException: Cannot do operations on a non-existent table (Service: DynamoDb, Status Code: 400, Request ID: MWGN7RH4MTJNQM2L2GSBE6HIPP6L9B8B9CDGDLP3CXM0S826L7SN)
	at software.amazon.awssdk.core.internal.http.CombinedResponseHandler.handleErrorResponse(CombinedResponseHandler.java:125)
	at software.amazon.awssdk.core.internal.http.CombinedResponseHandler.handleResponse(CombinedResponseHandler.java:82)
	at software.amazon.awssdk.core.internal.http.CombinedResponseHandler.handle(CombinedResponseHandler.java:60)
	at software.amazon.awssdk.core.internal.http.CombinedResponseHandler.handle(CombinedResponseHandler.java:41)
	at software.amazon.awssdk.core.internal.http.pipeline.stages.HandleResponseStage.execute(HandleResponseStage.java:40)
	at software.amazon.awssdk.core.internal.http.pipeline.stages.HandleResponseStage.execute(HandleResponseStage.java:30)
	at software.amazon.awssdk.core.internal.http.pipeline.RequestPipelineBuilder$ComposingRequestPipelineStage.execute(RequestPipelineBuilder.java:206)
	at software.amazon.awssdk.core.internal.http.pipeline.stages.ApiCallAttemptTimeoutTrackingStage.execute(ApiCallAttemptTimeoutTrackingStage.java:73)
	at software.amazon.awssdk.core.internal.http.pipeline.stages.ApiCallAttemptTimeoutTrackingStage.execute(ApiCallAttemptTimeoutTrackingStage.java:42)
	at software.amazon.awssdk.core.internal.http.pipeline.stages.TimeoutExceptionHandlingStage.execute(TimeoutExceptionHandlingStage.java:78)
	at software.amazon.awssdk.core.internal.http.pipeline.stages.TimeoutExceptionHandlingStage.execute(TimeoutExceptionHandlingStage.java:40)
	at software.amazon.awssdk.core.internal.http.pipeline.stages.ApiCallAttemptMetricCollectionStage.execute(ApiCallAttemptMetricCollectionStage.java:50)
	at software.amazon.awssdk.core.internal.http.pipeline.stages.ApiCallAttemptMetricCollectionStage.execute(ApiCallAttemptMetricCollectionStage.java:36)
	at software.amazon.awssdk.core.internal.http.pipeline.stages.RetryableStage.execute(RetryableStage.java:81)
	at software.amazon.awssdk.core.internal.http.pipeline.stages.RetryableStage.execute(RetryableStage.java:36)
	at software.amazon.awssdk.core.internal.http.pipeline.RequestPipelineBuilder$ComposingRequestPipelineStage.execute(RequestPipelineBuilder.java:206)
	at software.amazon.awssdk.core.internal.http.StreamManagingStage.execute(StreamManagingStage.java:56)
	at software.amazon.awssdk.core.internal.http.StreamManagingStage.execute(StreamManagingStage.java:36)
	at software.amazon.awssdk.core.internal.http.pipeline.stages.ApiCallTimeoutTrackingStage.executeWithTimer(ApiCallTimeoutTrackingStage.java:80)
	at software.amazon.awssdk.core.internal.http.pipeline.stages.ApiCallTimeoutTrackingStage.execute(ApiCallTimeoutTrackingStage.java:60)
	at software.amazon.awssdk.core.internal.http.pipeline.stages.ApiCallTimeoutTrackingStage.execute(ApiCallTimeoutTrackingStage.java:42)
	at software.amazon.awssdk.core.internal.http.pipeline.stages.ApiCallMetricCollectionStage.execute(ApiCallMetricCollectionStage.java:48)
	at software.amazon.awssdk.core.internal.http.pipeline.stages.ApiCallMetricCollectionStage.execute(ApiCallMetricCollectionStage.java:31)
	at software.amazon.awssdk.core.internal.http.pipeline.RequestPipelineBuilder$ComposingRequestPipelineStage.execute(RequestPipelineBuilder.java:206)
	at software.amazon.awssdk.core.internal.http.pipeline.RequestPipelineBuilder$ComposingRequestPipelineStage.execute(RequestPipelineBuilder.java:206)
	at software.amazon.awssdk.core.internal.http.pipeline.stages.ExecutionFailureExceptionReportingStage.execute(ExecutionFailureExceptionReportingStage.java:37)
	at software.amazon.awssdk.core.internal.http.pipeline.stages.ExecutionFailureExceptionReportingStage.execute(ExecutionFailureExceptionReportingStage.java:26)
	at software.amazon.awssdk.core.internal.http.AmazonSyncHttpClient$RequestExecutionBuilderImpl.execute(AmazonSyncHttpClient.java:193)
	at software.amazon.awssdk.core.internal.handler.BaseSyncClientHandler.invoke(BaseSyncClientHandler.java:103)
	at software.amazon.awssdk.core.internal.handler.BaseSyncClientHandler.doExecute(BaseSyncClientHandler.java:171)
	at software.amazon.awssdk.core.internal.handler.BaseSyncClientHandler.lambda$execute$1(BaseSyncClientHandler.java:82)
	at software.amazon.awssdk.core.internal.handler.BaseSyncClientHandler.measureApiCallSuccess(BaseSyncClientHandler.java:179)
	at software.amazon.awssdk.core.internal.handler.BaseSyncClientHandler.execute(BaseSyncClientHandler.java:76)
	at software.amazon.awssdk.core.client.handler.SdkSyncClientHandler.execute(SdkSyncClientHandler.java:45)
	at software.amazon.awssdk.awscore.client.handler.AwsSyncClientHandler.execute(AwsSyncClientHandler.java:56)
	at software.amazon.awssdk.services.dynamodb.DefaultDynamoDbClient.putItem(DefaultDynamoDbClient.java:4243)
	at software.amazon.awssdk.services.dynamodb.DynamodbClientProducer_ProducerMethod_client_15a968126f29bfeefe628e806398394e57fc3411_ClientProxy.putItem(Unknown Source)
	at software.amazon.awssdk.enhanced.dynamodb.internal.operations.CommonOperation.execute(CommonOperation.java:114)
	at software.amazon.awssdk.enhanced.dynamodb.internal.operations.TableOperation.executeOnPrimaryIndex(TableOperation.java:59)
	at software.amazon.awssdk.enhanced.dynamodb.internal.client.DefaultDynamoDbTable.putItem(DefaultDynamoDbTable.java:201)
	at software.amazon.awssdk.enhanced.dynamodb.internal.client.DefaultDynamoDbTable.putItem(DefaultDynamoDbTable.java:209)
	at software.amazon.awssdk.enhanced.dynamodb.internal.client.DefaultDynamoDbTable.putItem(DefaultDynamoDbTable.java:214)
	at poc.oneracao.repository.RiscoAnaliticoSyncService.add(RiscoAnaliticoSyncService.java:37)
	at poc.oneracao.repository.RiscoAnaliticoSyncService_ClientProxy.add(Unknown Source)
	at poc.oneracao.AppRiscosConsumer.salvaRisco(AppRiscosConsumer.java:18)
	at poc.oneracao.AppRiscosConsumer_ClientProxy.salvaRisco(Unknown Source)
	at poc.oneracao.AppRiscosConsumer_SmallRyeMessagingInvoker_salvaRisco_98ada8a51cec3042a85d0761941a3896dd2e4e7d.invoke(Unknown Source)
	at io.smallrye.reactive.messaging.providers.AbstractMediator.invoke(AbstractMediator.java:104)
	at io.smallrye.reactive.messaging.providers.AbstractMediator.lambda$invokeOnMessageContext$1(AbstractMediator.java:112)
	at io.smallrye.reactive.messaging.providers.locals.LocalContextMetadata.lambda$invokeOnMessageContext$0(LocalContextMetadata.java:34)
	at io.smallrye.reactive.messaging.providers.locals.LocalContextMetadata.lambda$invokeOnMessageContext$1(LocalContextMetadata.java:53)
	at io.smallrye.reactive.messaging.providers.helpers.VertxContext.runOnContext(VertxContext.java:24)
	at io.smallrye.reactive.messaging.providers.locals.LocalContextMetadata.lambda$invokeOnMessageContext$2(LocalContextMetadata.java:51)
	at io.smallrye.context.impl.wrappers.SlowContextualConsumer.accept(SlowContextualConsumer.java:21)
	at io.smallrye.mutiny.operators.uni.builders.UniCreateWithEmitter.subscribe(UniCreateWithEmitter.java:22)
	at io.smallrye.mutiny.operators.AbstractUni.subscribe(AbstractUni.java:36)
	at io.smallrye.mutiny.operators.uni.UniOnItemOrFailureFlatMap.subscribe(UniOnItemOrFailureFlatMap.java:27)
	at io.smallrye.mutiny.operators.AbstractUni.subscribe(AbstractUni.java:36)
	at io.smallrye.mutiny.converters.uni.UniToMultiPublisher$UniToMultiSubscription.request(UniToMultiPublisher.java:74)
	at io.smallrye.mutiny.operators.multi.MultiFlatMapOp$FlatMapInner.onSubscribe(MultiFlatMapOp.java:601)
	at io.smallrye.mutiny.converters.uni.UniToMultiPublisher.subscribe(UniToMultiPublisher.java:26)
	at io.smallrye.mutiny.groups.MultiCreate$1.subscribe(MultiCreate.java:170)
	at io.smallrye.mutiny.operators.multi.MultiFlatMapOp$FlatMapMainSubscriber.onItem(MultiFlatMapOp.java:193)
	at io.smallrye.mutiny.operators.multi.MultiMapOp$MapProcessor.onItem(MultiMapOp.java:50)
	at io.smallrye.mutiny.operators.multi.MultiOnItemInvoke$MultiOnItemInvokeProcessor.onItem(MultiOnItemInvoke.java:41)
	at io.smallrye.mutiny.operators.multi.MultiOperatorProcessor.onItem(MultiOperatorProcessor.java:100)
	at io.smallrye.reactive.messaging.providers.locals.ContextOperator$ContextMulti$ContextProcessor.lambda$onItem$1(ContextOperator.java:71)
	at io.smallrye.reactive.messaging.providers.helpers.VertxContext.lambda$runOnContext$0(VertxContext.java:26)
	at io.vertx.core.impl.ContextInternal.dispatch(ContextInternal.java:264)
	at io.vertx.core.impl.ContextInternal.dispatch(ContextInternal.java:246)
	at io.vertx.core.impl.EventLoopContext.lambda$runOnContext$0(EventLoopContext.java:43)
	at io.netty.util.concurrent.AbstractEventExecutor.runTask(AbstractEventExecutor.java:174)
	at io.netty.util.concurrent.AbstractEventExecutor.safeExecute(AbstractEventExecutor.java:167)
	at io.netty.util.concurrent.SingleThreadEventExecutor.runAllTasks(SingleThreadEventExecutor.java:470)
	at io.netty.channel.nio.NioEventLoop.run(NioEventLoop.java:569)
	at io.netty.util.concurrent.SingleThreadEventExecutor$4.run(SingleThreadEventExecutor.java:997)
	at io.netty.util.internal.ThreadExecutorMap$2.run(ThreadExecutorMap.java:74)
	at io.netty.util.concurrent.FastThreadLocalRunnable.run(FastThreadLocalRunnable.java:30)
	at java.base/java.lang.Thread.run(Thread.java:833)


2023-05-05 14:32:37,250 desktop-r0rag1g gerenciador-de-riscos-dev.jar[11484] INFO  [poc.one.con.RiscosAnaliticosController] (executor-thread-0) Cadastrando risco com id: 12345
2023-05-05 14:32:37,268 desktop-r0rag1g gerenciador-de-riscos-dev.jar[11484] INFO  [poc.one.con.RiscosAnaliticosController] (executor-thread-0) Risco 12345 cadastrado com sucesso!
2023-05-05 14:34:05,340 desktop-r0rag1g gerenciador-de-riscos-dev.jar[11484] INFO  [poc.one.con.RiscosAnaliticosController] (executor-thread-0) Cadastrando risco com id: 456
2023-05-05 14:34:05,345 desktop-r0rag1g gerenciador-de-riscos-dev.jar[11484] INFO  [poc.one.con.RiscosAnaliticosController] (executor-thread-0) Risco 456 cadastrado com sucesso!
2023-05-05 14:34:26,825 desktop-r0rag1g gerenciador-de-riscos-dev.jar[11484] INFO  [poc.one.con.RiscosAnaliticosController] (executor-thread-0) Cadastrando risco com id: 12
2023-05-05 14:34:26,829 desktop-r0rag1g gerenciador-de-riscos-dev.jar[11484] INFO  [poc.one.con.RiscosAnaliticosController] (executor-thread-0) Risco 12 cadastrado com sucesso!
2023-05-05 14:34:33,164 desktop-r0rag1g gerenciador-de-riscos-dev.jar[11484] INFO  [poc.one.con.RiscosAnaliticosController] (executor-thread-0) Cadastrando risco com id: 11
2023-05-05 14:34:33,169 desktop-r0rag1g gerenciador-de-riscos-dev.jar[11484] INFO  [poc.one.con.RiscosAnaliticosController] (executor-thread-0) Risco 11 cadastrado com sucesso!
2023-05-05 14:34:40,657 desktop-r0rag1g gerenciador-de-riscos-dev.jar[11484] INFO  [poc.one.con.RiscosAnaliticosController] (executor-thread-0) Cadastrando risco com id: 654
2023-05-05 14:34:40,660 desktop-r0rag1g gerenciador-de-riscos-dev.jar[11484] INFO  [poc.one.con.RiscosAnaliticosController] (executor-thread-0) Risco 654 cadastrado com sucesso!
2023-05-05 14:35:02,097 desktop-r0rag1g gerenciador-de-riscos-dev.jar[11484] INFO  [poc.one.con.RiscosAnaliticosController] (executor-thread-0) Buscando risco com id: 123
2023-05-05 14:35:02,195 desktop-r0rag1g gerenciador-de-riscos-dev.jar[11484] ERROR [io.qua.ver.htt.run.QuarkusErrorHandler] (executor-thread-0) HTTP Request to /v1/riscos/123 failed, error id: 42ce9fdb-0cbe-4fee-8790-f76b5b2a04b0-1: org.jboss.resteasy.spi.UnhandledException: java.lang.NullPointerException: Cannot invoke "poc.oneracao.model.RiscoAnalitico.getId()" because "risco" is null
	at org.jboss.resteasy.core.ExceptionHandler.handleApplicationException(ExceptionHandler.java:105)
	at org.jboss.resteasy.core.ExceptionHandler.handleException(ExceptionHandler.java:359)
	at org.jboss.resteasy.core.SynchronousDispatcher.writeException(SynchronousDispatcher.java:218)
	at org.jboss.resteasy.core.SynchronousDispatcher.invoke(SynchronousDispatcher.java:519)
	at org.jboss.resteasy.core.SynchronousDispatcher.lambda$invoke$4(SynchronousDispatcher.java:261)
	at org.jboss.resteasy.core.SynchronousDispatcher.lambda$preprocess$0(SynchronousDispatcher.java:161)
	at org.jboss.resteasy.core.interception.jaxrs.PreMatchContainerRequestContext.filter(PreMatchContainerRequestContext.java:364)
	at org.jboss.resteasy.core.SynchronousDispatcher.preprocess(SynchronousDispatcher.java:164)
	at org.jboss.resteasy.core.SynchronousDispatcher.invoke(SynchronousDispatcher.java:247)
	at io.quarkus.resteasy.runtime.standalone.RequestDispatcher.service(RequestDispatcher.java:82)
	at io.quarkus.resteasy.runtime.standalone.VertxRequestHandler.dispatch(VertxRequestHandler.java:147)
	at io.quarkus.resteasy.runtime.standalone.VertxRequestHandler$1.run(VertxRequestHandler.java:93)
	at io.quarkus.vertx.core.runtime.VertxCoreRecorder$14.runWith(VertxCoreRecorder.java:576)
	at org.jboss.threads.EnhancedQueueExecutor$Task.run(EnhancedQueueExecutor.java:2449)
	at org.jboss.threads.EnhancedQueueExecutor$ThreadBody.run(EnhancedQueueExecutor.java:1478)
	at org.jboss.threads.DelegatingRunnable.run(DelegatingRunnable.java:29)
	at org.jboss.threads.ThreadLocalResettingRunnable.run(ThreadLocalResettingRunnable.java:29)
	at io.netty.util.concurrent.FastThreadLocalRunnable.run(FastThreadLocalRunnable.java:30)
	at java.base/java.lang.Thread.run(Thread.java:833)
Caused by: java.lang.NullPointerException: Cannot invoke "poc.oneracao.model.RiscoAnalitico.getId()" because "risco" is null
	at poc.oneracao.controller.RiscosAnaliticosController.buscaRisco(RiscosAnaliticosController.java:48)
	at poc.oneracao.controller.RiscosAnaliticosController_Subclass.buscaRisco$$superforward1(Unknown Source)
	at poc.oneracao.controller.RiscosAnaliticosController_Subclass$$function$$1.apply(Unknown Source)
	at io.quarkus.arc.impl.AroundInvokeInvocationContext.proceed(AroundInvokeInvocationContext.java:54)
	at io.quarkus.resteasy.runtime.QuarkusRestPathTemplateInterceptor.restMethodInvoke(QuarkusRestPathTemplateInterceptor.java:39)
	at io.quarkus.resteasy.runtime.QuarkusRestPathTemplateInterceptor_Bean.intercept(Unknown Source)
	at io.quarkus.arc.impl.InterceptorInvocation.invoke(InterceptorInvocation.java:42)
	at io.quarkus.arc.impl.AroundInvokeInvocationContext.perform(AroundInvokeInvocationContext.java:41)
	at io.quarkus.arc.impl.InvocationContexts.performAroundInvoke(InvocationContexts.java:33)
	at poc.oneracao.controller.RiscosAnaliticosController_Subclass.buscaRisco(Unknown Source)
	at java.base/jdk.internal.reflect.NativeMethodAccessorImpl.invoke0(Native Method)
	at java.base/jdk.internal.reflect.NativeMethodAccessorImpl.invoke(NativeMethodAccessorImpl.java:77)
	at java.base/jdk.internal.reflect.DelegatingMethodAccessorImpl.invoke(DelegatingMethodAccessorImpl.java:43)
	at java.base/java.lang.reflect.Method.invoke(Method.java:568)
	at org.jboss.resteasy.core.MethodInjectorImpl.invoke(MethodInjectorImpl.java:170)
	at org.jboss.resteasy.core.MethodInjectorImpl.invoke(MethodInjectorImpl.java:130)
	at org.jboss.resteasy.core.ResourceMethodInvoker.internalInvokeOnTarget(ResourceMethodInvoker.java:660)
	at org.jboss.resteasy.core.ResourceMethodInvoker.invokeOnTargetAfterFilter(ResourceMethodInvoker.java:524)
	at org.jboss.resteasy.core.ResourceMethodInvoker.lambda$invokeOnTarget$2(ResourceMethodInvoker.java:474)
	at org.jboss.resteasy.core.interception.jaxrs.PreMatchContainerRequestContext.filter(PreMatchContainerRequestContext.java:364)
	at org.jboss.resteasy.core.ResourceMethodInvoker.invokeOnTarget(ResourceMethodInvoker.java:476)
	at org.jboss.resteasy.core.ResourceMethodInvoker.invoke(ResourceMethodInvoker.java:434)
	at org.jboss.resteasy.core.ResourceMethodInvoker.invoke(ResourceMethodInvoker.java:408)
	at org.jboss.resteasy.core.ResourceMethodInvoker.invoke(ResourceMethodInvoker.java:69)
	at org.jboss.resteasy.core.SynchronousDispatcher.invoke(SynchronousDispatcher.java:492)
	... 15 more

2023-05-05 14:35:05,873 desktop-r0rag1g gerenciador-de-riscos-dev.jar[11484] INFO  [poc.one.con.RiscosAnaliticosController] (executor-thread-0) Buscando risco com id: 1
2023-05-05 14:35:05,924 desktop-r0rag1g gerenciador-de-riscos-dev.jar[11484] ERROR [io.qua.ver.htt.run.QuarkusErrorHandler] (executor-thread-0) HTTP Request to /v1/riscos/1 failed, error id: 42ce9fdb-0cbe-4fee-8790-f76b5b2a04b0-2: org.jboss.resteasy.spi.UnhandledException: java.lang.NullPointerException: Cannot invoke "poc.oneracao.model.RiscoAnalitico.getId()" because "risco" is null
	at org.jboss.resteasy.core.ExceptionHandler.handleApplicationException(ExceptionHandler.java:105)
	at org.jboss.resteasy.core.ExceptionHandler.handleException(ExceptionHandler.java:359)
	at org.jboss.resteasy.core.SynchronousDispatcher.writeException(SynchronousDispatcher.java:218)
	at org.jboss.resteasy.core.SynchronousDispatcher.invoke(SynchronousDispatcher.java:519)
	at org.jboss.resteasy.core.SynchronousDispatcher.lambda$invoke$4(SynchronousDispatcher.java:261)
	at org.jboss.resteasy.core.SynchronousDispatcher.lambda$preprocess$0(SynchronousDispatcher.java:161)
	at org.jboss.resteasy.core.interception.jaxrs.PreMatchContainerRequestContext.filter(PreMatchContainerRequestContext.java:364)
	at org.jboss.resteasy.core.SynchronousDispatcher.preprocess(SynchronousDispatcher.java:164)
	at org.jboss.resteasy.core.SynchronousDispatcher.invoke(SynchronousDispatcher.java:247)
	at io.quarkus.resteasy.runtime.standalone.RequestDispatcher.service(RequestDispatcher.java:82)
	at io.quarkus.resteasy.runtime.standalone.VertxRequestHandler.dispatch(VertxRequestHandler.java:147)
	at io.quarkus.resteasy.runtime.standalone.VertxRequestHandler$1.run(VertxRequestHandler.java:93)
	at io.quarkus.vertx.core.runtime.VertxCoreRecorder$14.runWith(VertxCoreRecorder.java:576)
	at org.jboss.threads.EnhancedQueueExecutor$Task.run(EnhancedQueueExecutor.java:2449)
	at org.jboss.threads.EnhancedQueueExecutor$ThreadBody.run(EnhancedQueueExecutor.java:1478)
	at org.jboss.threads.DelegatingRunnable.run(DelegatingRunnable.java:29)
	at org.jboss.threads.ThreadLocalResettingRunnable.run(ThreadLocalResettingRunnable.java:29)
	at io.netty.util.concurrent.FastThreadLocalRunnable.run(FastThreadLocalRunnable.java:30)
	at java.base/java.lang.Thread.run(Thread.java:833)
Caused by: java.lang.NullPointerException: Cannot invoke "poc.oneracao.model.RiscoAnalitico.getId()" because "risco" is null
	at poc.oneracao.controller.RiscosAnaliticosController.buscaRisco(RiscosAnaliticosController.java:48)
	at poc.oneracao.controller.RiscosAnaliticosController_Subclass.buscaRisco$$superforward1(Unknown Source)
	at poc.oneracao.controller.RiscosAnaliticosController_Subclass$$function$$1.apply(Unknown Source)
	at io.quarkus.arc.impl.AroundInvokeInvocationContext.proceed(AroundInvokeInvocationContext.java:54)
	at io.quarkus.resteasy.runtime.QuarkusRestPathTemplateInterceptor.restMethodInvoke(QuarkusRestPathTemplateInterceptor.java:39)
	at io.quarkus.resteasy.runtime.QuarkusRestPathTemplateInterceptor_Bean.intercept(Unknown Source)
	at io.quarkus.arc.impl.InterceptorInvocation.invoke(InterceptorInvocation.java:42)
	at io.quarkus.arc.impl.AroundInvokeInvocationContext.perform(AroundInvokeInvocationContext.java:41)
	at io.quarkus.arc.impl.InvocationContexts.performAroundInvoke(InvocationContexts.java:33)
	at poc.oneracao.controller.RiscosAnaliticosController_Subclass.buscaRisco(Unknown Source)
	at java.base/jdk.internal.reflect.NativeMethodAccessorImpl.invoke0(Native Method)
	at java.base/jdk.internal.reflect.NativeMethodAccessorImpl.invoke(NativeMethodAccessorImpl.java:77)
	at java.base/jdk.internal.reflect.DelegatingMethodAccessorImpl.invoke(DelegatingMethodAccessorImpl.java:43)
	at java.base/java.lang.reflect.Method.invoke(Method.java:568)
	at org.jboss.resteasy.core.MethodInjectorImpl.invoke(MethodInjectorImpl.java:170)
	at org.jboss.resteasy.core.MethodInjectorImpl.invoke(MethodInjectorImpl.java:130)
	at org.jboss.resteasy.core.ResourceMethodInvoker.internalInvokeOnTarget(ResourceMethodInvoker.java:660)
	at org.jboss.resteasy.core.ResourceMethodInvoker.invokeOnTargetAfterFilter(ResourceMethodInvoker.java:524)
	at org.jboss.resteasy.core.ResourceMethodInvoker.lambda$invokeOnTarget$2(ResourceMethodInvoker.java:474)
	at org.jboss.resteasy.core.interception.jaxrs.PreMatchContainerRequestContext.filter(PreMatchContainerRequestContext.java:364)
	at org.jboss.resteasy.core.ResourceMethodInvoker.invokeOnTarget(ResourceMethodInvoker.java:476)
	at org.jboss.resteasy.core.ResourceMethodInvoker.invoke(ResourceMethodInvoker.java:434)
	at org.jboss.resteasy.core.ResourceMethodInvoker.invoke(ResourceMethodInvoker.java:408)
	at org.jboss.resteasy.core.ResourceMethodInvoker.invoke(ResourceMethodInvoker.java:69)
	at org.jboss.resteasy.core.SynchronousDispatcher.invoke(SynchronousDispatcher.java:492)
	... 15 more

2023-05-05 14:35:18,751 desktop-r0rag1g gerenciador-de-riscos-dev.jar[11484] INFO  [poc.one.con.RiscosAnaliticosController] (executor-thread-0) Buscando risco com id: 654
2023-05-05 14:35:18,828 desktop-r0rag1g gerenciador-de-riscos-dev.jar[11484] ERROR [io.qua.ver.htt.run.QuarkusErrorHandler] (executor-thread-0) HTTP Request to /v1/riscos/654 failed, error id: 42ce9fdb-0cbe-4fee-8790-f76b5b2a04b0-3: org.jboss.resteasy.spi.UnhandledException: java.lang.NullPointerException: Cannot invoke "poc.oneracao.model.RiscoAnalitico.getId()" because "risco" is null
	at org.jboss.resteasy.core.ExceptionHandler.handleApplicationException(ExceptionHandler.java:105)
	at org.jboss.resteasy.core.ExceptionHandler.handleException(ExceptionHandler.java:359)
	at org.jboss.resteasy.core.SynchronousDispatcher.writeException(SynchronousDispatcher.java:218)
	at org.jboss.resteasy.core.SynchronousDispatcher.invoke(SynchronousDispatcher.java:519)
	at org.jboss.resteasy.core.SynchronousDispatcher.lambda$invoke$4(SynchronousDispatcher.java:261)
	at org.jboss.resteasy.core.SynchronousDispatcher.lambda$preprocess$0(SynchronousDispatcher.java:161)
	at org.jboss.resteasy.core.interception.jaxrs.PreMatchContainerRequestContext.filter(PreMatchContainerRequestContext.java:364)
	at org.jboss.resteasy.core.SynchronousDispatcher.preprocess(SynchronousDispatcher.java:164)
	at org.jboss.resteasy.core.SynchronousDispatcher.invoke(SynchronousDispatcher.java:247)
	at io.quarkus.resteasy.runtime.standalone.RequestDispatcher.service(RequestDispatcher.java:82)
	at io.quarkus.resteasy.runtime.standalone.VertxRequestHandler.dispatch(VertxRequestHandler.java:147)
	at io.quarkus.resteasy.runtime.standalone.VertxRequestHandler$1.run(VertxRequestHandler.java:93)
	at io.quarkus.vertx.core.runtime.VertxCoreRecorder$14.runWith(VertxCoreRecorder.java:576)
	at org.jboss.threads.EnhancedQueueExecutor$Task.run(EnhancedQueueExecutor.java:2449)
	at org.jboss.threads.EnhancedQueueExecutor$ThreadBody.run(EnhancedQueueExecutor.java:1478)
	at org.jboss.threads.DelegatingRunnable.run(DelegatingRunnable.java:29)
	at org.jboss.threads.ThreadLocalResettingRunnable.run(ThreadLocalResettingRunnable.java:29)
	at io.netty.util.concurrent.FastThreadLocalRunnable.run(FastThreadLocalRunnable.java:30)
	at java.base/java.lang.Thread.run(Thread.java:833)
Caused by: java.lang.NullPointerException: Cannot invoke "poc.oneracao.model.RiscoAnalitico.getId()" because "risco" is null
	at poc.oneracao.controller.RiscosAnaliticosController.buscaRisco(RiscosAnaliticosController.java:48)
	at poc.oneracao.controller.RiscosAnaliticosController_Subclass.buscaRisco$$superforward1(Unknown Source)
	at poc.oneracao.controller.RiscosAnaliticosController_Subclass$$function$$1.apply(Unknown Source)
	at io.quarkus.arc.impl.AroundInvokeInvocationContext.proceed(AroundInvokeInvocationContext.java:54)
	at io.quarkus.resteasy.runtime.QuarkusRestPathTemplateInterceptor.restMethodInvoke(QuarkusRestPathTemplateInterceptor.java:39)
	at io.quarkus.resteasy.runtime.QuarkusRestPathTemplateInterceptor_Bean.intercept(Unknown Source)
	at io.quarkus.arc.impl.InterceptorInvocation.invoke(InterceptorInvocation.java:42)
	at io.quarkus.arc.impl.AroundInvokeInvocationContext.perform(AroundInvokeInvocationContext.java:41)
	at io.quarkus.arc.impl.InvocationContexts.performAroundInvoke(InvocationContexts.java:33)
	at poc.oneracao.controller.RiscosAnaliticosController_Subclass.buscaRisco(Unknown Source)
	at java.base/jdk.internal.reflect.NativeMethodAccessorImpl.invoke0(Native Method)
	at java.base/jdk.internal.reflect.NativeMethodAccessorImpl.invoke(NativeMethodAccessorImpl.java:77)
	at java.base/jdk.internal.reflect.DelegatingMethodAccessorImpl.invoke(DelegatingMethodAccessorImpl.java:43)
	at java.base/java.lang.reflect.Method.invoke(Method.java:568)
	at org.jboss.resteasy.core.MethodInjectorImpl.invoke(MethodInjectorImpl.java:170)
	at org.jboss.resteasy.core.MethodInjectorImpl.invoke(MethodInjectorImpl.java:130)
	at org.jboss.resteasy.core.ResourceMethodInvoker.internalInvokeOnTarget(ResourceMethodInvoker.java:660)
	at org.jboss.resteasy.core.ResourceMethodInvoker.invokeOnTargetAfterFilter(ResourceMethodInvoker.java:524)
	at org.jboss.resteasy.core.ResourceMethodInvoker.lambda$invokeOnTarget$2(ResourceMethodInvoker.java:474)
	at org.jboss.resteasy.core.interception.jaxrs.PreMatchContainerRequestContext.filter(PreMatchContainerRequestContext.java:364)
	at org.jboss.resteasy.core.ResourceMethodInvoker.invokeOnTarget(ResourceMethodInvoker.java:476)
	at org.jboss.resteasy.core.ResourceMethodInvoker.invoke(ResourceMethodInvoker.java:434)
	at org.jboss.resteasy.core.ResourceMethodInvoker.invoke(ResourceMethodInvoker.java:408)
	at org.jboss.resteasy.core.ResourceMethodInvoker.invoke(ResourceMethodInvoker.java:69)
	at org.jboss.resteasy.core.SynchronousDispatcher.invoke(SynchronousDispatcher.java:492)
	... 15 more

2023-05-05 14:35:23,639 desktop-r0rag1g gerenciador-de-riscos-dev.jar[11484] INFO  [poc.one.con.RiscosAnaliticosController] (executor-thread-0) Buscando todos os riscos cadastrados na base de dados...
2023-05-05 14:35:23,706 desktop-r0rag1g gerenciador-de-riscos-dev.jar[11484] INFO  [poc.one.con.RiscosAnaliticosController] (executor-thread-0) Riscos encontrados com sucesso!
2023-05-05 14:35:27,344 desktop-r0rag1g gerenciador-de-riscos-dev.jar[11484] INFO  [poc.one.con.RiscosAnaliticosController] (executor-thread-0) Buscando todos os riscos cadastrados na base de dados...
2023-05-05 14:35:27,365 desktop-r0rag1g gerenciador-de-riscos-dev.jar[11484] INFO  [poc.one.con.RiscosAnaliticosController] (executor-thread-0) Riscos encontrados com sucesso!
2023-05-05 14:35:38,356 desktop-r0rag1g gerenciador-de-riscos-dev.jar[11484] INFO  [poc.one.con.RiscosAnaliticosController] (executor-thread-0) Buscando todos os riscos cadastrados na base de dados...
2023-05-05 14:35:38,374 desktop-r0rag1g gerenciador-de-riscos-dev.jar[11484] INFO  [poc.one.con.RiscosAnaliticosController] (executor-thread-0) Riscos encontrados com sucesso!
2023-05-05 14:35:58,869 desktop-r0rag1g gerenciador-de-riscos-dev.jar[11484] INFO  [poc.one.con.RiscosAnaliticosController] (executor-thread-0) Buscando todos os riscos cadastrados na base de dados...
2023-05-05 14:35:58,896 desktop-r0rag1g gerenciador-de-riscos-dev.jar[11484] INFO  [poc.one.con.RiscosAnaliticosController] (executor-thread-0) Riscos encontrados com sucesso!
2023-05-05 14:35:59,693 desktop-r0rag1g gerenciador-de-riscos-dev.jar[11484] INFO  [poc.one.con.RiscosAnaliticosController] (executor-thread-0) Buscando todos os riscos cadastrados na base de dados...
2023-05-05 14:35:59,712 desktop-r0rag1g gerenciador-de-riscos-dev.jar[11484] INFO  [poc.one.con.RiscosAnaliticosController] (executor-thread-0) Riscos encontrados com sucesso!
2023-05-05 14:36:00,548 desktop-r0rag1g gerenciador-de-riscos-dev.jar[11484] INFO  [poc.one.con.RiscosAnaliticosController] (executor-thread-0) Buscando todos os riscos cadastrados na base de dados...
2023-05-05 14:36:00,569 desktop-r0rag1g gerenciador-de-riscos-dev.jar[11484] INFO  [poc.one.con.RiscosAnaliticosController] (executor-thread-0) Riscos encontrados com sucesso!
2023-05-05 14:36:01,499 desktop-r0rag1g gerenciador-de-riscos-dev.jar[11484] INFO  [poc.one.con.RiscosAnaliticosController] (executor-thread-0) Buscando todos os riscos cadastrados na base de dados...
2023-05-05 14:36:01,526 desktop-r0rag1g gerenciador-de-riscos-dev.jar[11484] INFO  [poc.one.con.RiscosAnaliticosController] (executor-thread-0) Riscos encontrados com sucesso!
2023-05-05 14:36:05,882 desktop-r0rag1g gerenciador-de-riscos-dev.jar[11484] INFO  [poc.one.con.RiscosAnaliticosController] (executor-thread-0) Cadastrando risco com id: 654
2023-05-05 14:36:05,886 desktop-r0rag1g gerenciador-de-riscos-dev.jar[11484] INFO  [poc.one.con.RiscosAnaliticosController] (executor-thread-0) Risco 654 cadastrado com sucesso!
